<?xml version="1.0" encoding="UTF-8"?>
<Site BuildName="Win32-ninja"
	BuildStamp="20240425-0034-Experimental"
	Name="DESKTOP-I5087SB"
	Generator="ctest-3.27.9"
	CompilerName="C:/msys64/mingw64/bin/g++.exe"
	CompilerVersion="13.2.0"
	OSName="Windows"
	Hostname="DESKTOP-I5087SB"
	OSRelease=" Personal"
	OSVersion=" (Build 22631)"
	OSPlatform="AMD64"
	Is64Bits="1"
	VendorString=""
	VendorID="Unknown Manufacturer"
	FamilyID="0"
	ModelID="0"
	ProcessorCacheSize="0"
	NumberOfLogicalCPU="8"
	NumberOfPhysicalCPU="4"
	TotalVirtualMemory="17142"
	TotalPhysicalMemory="16118"
	LogicalProcessorsPerPhysical="2"
	ProcessorClockFrequency="2803"
	>
	<Testing>
		<StartDateTime>Apr 25 17:30 Egypt Standard Time</StartDateTime>
		<StartTestTime>1714059013</StartTestTime>
		<TestList/>
		<EndDateTime>Apr 25 17:30 Egypt Standard Time</EndDateTime>
		<EndTestTime>1714059013</EndTestTime>
		<ElapsedMinutes>0</ElapsedMinutes>
	</Testing>
</Site>
